<?xml version="1.0" encoding="UTF-8"?>
<!-- Generated by org.testng.reporters.JUnitReportReporter -->
<testsuite hostname="Ramandeep-ATR843" failures="0" tests="1" name="test.NewTest" time="0.008" errors="0" timestamp="2022-11-16T12:19:17 IST" skipped="0">
  <testcase classname="test.NewTest" name="Test" time="0.008"/>
  <system-out/>
</testsuite> <!-- test.NewTest -->
