<?xml version="1.0" encoding="UTF-8"?>
<!-- Generated by org.testng.reporters.JUnitReportReporter -->
<testsuite hostname="Ramandeep-ATR843" failures="0" tests="4" name="test.testClass" time="0.016" errors="0" timestamp="2022-12-06T17:53:02 IST" skipped="0">
  <testcase classname="test.testClass" name="n" time="0.006"/>
  <system-out/>
  <testcase classname="test.testClass" name="x" time="0.002"/>
  <system-out/>
  <testcase classname="test.testClass" name="o" time="0.004"/>
  <system-out/>
  <testcase classname="test.testClass" name="p" time="0.004"/>
  <system-out/>
</testsuite> <!-- test.testClass -->
