<?xml version="1.0" encoding="UTF-8"?>
<!-- Generated by org.testng.reporters.JUnitReportReporter -->
<testsuite hostname="Ramandeep-ATR843" failures="0" tests="1" name="test.assertion" time="0.009" errors="0" timestamp="2022-11-16T12:23:43 IST" skipped="0">
  <testcase classname="test.assertion" name="demo" time="0.009"/>
  <system-out/>
</testsuite> <!-- test.assertion -->
