<?xml version="1.0" encoding="UTF-8"?>
<!-- Generated by org.testng.reporters.JUnitReportReporter -->
<testsuite hostname="Ramandeep-ATR843" failures="0" tests="1" name="test.randomStringTwo" time="0.009" errors="0" timestamp="2022-11-18T12:01:16 IST" skipped="0">
  <testcase classname="test.randomStringTwo" name="stringtwo" time="0.009"/>
  <system-out/>
</testsuite> <!-- test.randomStringTwo -->
