<?xml version="1.0" encoding="UTF-8"?>
<!-- Generated by org.testng.reporters.JUnitReportReporter -->
<testsuite hostname="Ramandeep-ATR843" failures="0" tests="1" name="test.RandomString" time="4.198" errors="0" timestamp="2022-11-18T12:03:55 IST" skipped="0">
  <testcase classname="test.RandomString" name="rString" time="4.198"/>
  <system-out/>
</testsuite> <!-- test.RandomString -->
